<?xml version="1.0" encoding="UTF-8"?>
<!-- Generated by org.testng.reporters.JUnitReportReporter -->
<testsuite hostname="QANR90JHUTD" name="com.automation.FirstTest" tests="1" failures="0" timestamp="17 May 2018 05:04:18 GMT" time="22.265" errors="0">
  <testcase name="MethodTwoOfFirst" time="22.265" classname="com.automation.FirstTest"/>
</testsuite> <!-- com.automation.FirstTest -->
