<?xml version="1.0" encoding="UTF-8"?>
<!-- Generated by org.testng.reporters.JUnitReportReporter -->
<testsuite hostname="QANR90JHUTD" name="com.automation.SecondTest" tests="1" failures="0" timestamp="17 May 2018 05:04:18 GMT" time="20.468" errors="0">
  <testcase name="MethodOneOfSecond" time="20.468" classname="com.automation.SecondTest"/>
</testsuite> <!-- com.automation.SecondTest -->
