<?xml version="1.0" encoding="UTF-8"?>
<!-- Generated by org.testng.reporters.JUnitReportReporter -->
<testsuite hostname="QANR90JHUTD" name="automationTestNG.FirstTest" tests="2" failures="0" timestamp="16 May 2018 02:26:40 GMT" time="92.003" errors="0">
  <testcase name="secondTestMethod" time="12.813" classname="automationTestNG.FirstTest"/>
  <testcase name="firstTestMethod" time="79.190" classname="automationTestNG.FirstTest"/>
</testsuite> <!-- automationTestNG.FirstTest -->
