<?xml version="1.0" encoding="UTF-8"?>
<!-- Generated by org.testng.reporters.JUnitReportReporter -->
<testsuite hostname="QANR90JHUTD" name="com.automation.LoginTest" tests="2" failures="0" timestamp="31 May 2018 03:00:43 GMT" time="85.436" errors="0">
  <testcase name="positiveLoginTest" time="36.779" classname="com.automation.LoginTest"/>
  <testcase name="positiveLoginTest" time="48.657" classname="com.automation.LoginTest"/>
</testsuite> <!-- com.automation.LoginTest -->
