<?xml version="1.0" encoding="UTF-8"?>
<!-- Generated by org.testng.reporters.JUnitReportReporter -->
<testsuite hostname="QANR90JHUTD" name="com.qantas.cucumberRunner.loginRunner" tests="1" failures="0" timestamp="12 Jun 2018 05:33:03 GMT" time="0.018" errors="0">
  <testcase name="feature" time="0.018" classname="com.qantas.cucumberRunner.loginRunner"/>
</testsuite> <!-- com.qantas.cucumberRunner.loginRunner -->
